<testsuites id="" name="" tests="63" failures="16" skipped="0" errors="0" time="67.509605">
<testsuite name="auth\login.spec.js" timestamp="2025-06-14T19:26:57.699Z" hostname="chromium" tests="9" failures="2" skipped="0" time="31.089" errors="0">
<testcase name="Authentication - Login › should display login form correctly" classname="auth\login.spec.js" time="1.367">
</testcase>
<testcase name="Authentication - Login › should login successfully with admin credentials" classname="auth\login.spec.js" time="8.188">
<failure message="login.spec.js:26:3 should login successfully with admin credentials" type="FAILURE">
<![CDATA[  [chromium] › auth\login.spec.js:26:3 › Authentication - Login › should login successfully with admin credentials 

    Error: Timed out 5000ms waiting for expect(locator).toContainText(expected)

    Locator: locator('[data-testid="user-menu"]')
    Expected string: "ADMIN001"
    Received string: "System AdministratorS"
    Call log:
      - Expect "toContainText" with timeout 5000ms
      - waiting for locator('[data-testid="user-menu"]')
        9 × locator resolved to <button type="button" data-testid="user-menu" class="d-flex align-items-center btn btn-outline-light">…</button>
          - unexpected value "System AdministratorS"


      34 |     
      35 |     // Verify user menu shows admin user
    > 36 |     await expect(page.locator('[data-testid="user-menu"]')).toContainText('ADMIN001');
         |                                                             ^
      37 |   });
      38 |
      39 |   test('should login successfully with regular user credentials', async ({ page }) => {
        at C:\Users\Chris\Desktop\Projects\test\qwen3_tests\supplyline\SupplyLine-MRO-Suite\frontend\tests\e2e\auth\login.spec.js:36:61

    attachment #1: screenshot (image/png) ──────────────────────────────────────────────────────────
    test-results\auth-login-Authentication--86710-ully-with-admin-credentials-chromium\test-failed-1.png
    ────────────────────────────────────────────────────────────────────────────────────────────────

    attachment #2: video (video/webm) ──────────────────────────────────────────────────────────────
    test-results\auth-login-Authentication--86710-ully-with-admin-credentials-chromium\video.webm
    ────────────────────────────────────────────────────────────────────────────────────────────────

    Error Context: ..\..\test-results\auth-login-Authentication--86710-ully-with-admin-credentials-chromium\error-context.md
]]>
</failure>
<system-out>
<![CDATA[
[[ATTACHMENT|auth-login-Authentication--86710-ully-with-admin-credentials-chromium\test-failed-1.png]]

[[ATTACHMENT|auth-login-Authentication--86710-ully-with-admin-credentials-chromium\video.webm]]

[[ATTACHMENT|auth-login-Authentication--86710-ully-with-admin-credentials-chromium\error-context.md]]
]]>
</system-out>
</testcase>
<testcase name="Authentication - Login › should login successfully with regular user credentials" classname="auth\login.spec.js" time="4.108">
<system-out>
<![CDATA[Regular user test skipped - user may not exist
]]>
</system-out>
</testcase>
<testcase name="Authentication - Login › should show error for invalid credentials" classname="auth\login.spec.js" time="7.641">
<failure message="login.spec.js:65:3 should show error for invalid credentials" type="FAILURE">
<![CDATA[  [chromium] › auth\login.spec.js:65:3 › Authentication - Login › should show error for invalid credentials 

    Error: Timed out 5000ms waiting for expect(locator).toBeVisible()

    Locator: locator('.alert-danger, .toast-error, .error-message')
    Expected: visible
    Received: <element(s) not found>
    Call log:
      - Expect "toBeVisible" with timeout 5000ms
      - waiting for locator('.alert-danger, .toast-error, .error-message')


      75 |     
      76 |     // Should show error message (adjust selector based on your error display)
    > 77 |     await expect(page.locator('.alert-danger, .toast-error, .error-message')).toBeVisible();
         |                                                                               ^
      78 |   });
      79 |
      80 |   test('should show validation errors for empty fields', async ({ page }) => {
        at C:\Users\Chris\Desktop\Projects\test\qwen3_tests\supplyline\SupplyLine-MRO-Suite\frontend\tests\e2e\auth\login.spec.js:77:79

    attachment #1: screenshot (image/png) ──────────────────────────────────────────────────────────
    test-results\auth-login-Authentication--1024f-ror-for-invalid-credentials-chromium\test-failed-1.png
    ────────────────────────────────────────────────────────────────────────────────────────────────

    attachment #2: video (video/webm) ──────────────────────────────────────────────────────────────
    test-results\auth-login-Authentication--1024f-ror-for-invalid-credentials-chromium\video.webm
    ────────────────────────────────────────────────────────────────────────────────────────────────

    Error Context: ..\..\test-results\auth-login-Authentication--1024f-ror-for-invalid-credentials-chromium\error-context.md
]]>
</failure>
<system-out>
<![CDATA[
[[ATTACHMENT|auth-login-Authentication--1024f-ror-for-invalid-credentials-chromium\test-failed-1.png]]

[[ATTACHMENT|auth-login-Authentication--1024f-ror-for-invalid-credentials-chromium\video.webm]]

[[ATTACHMENT|auth-login-Authentication--1024f-ror-for-invalid-credentials-chromium\error-context.md]]
]]>
</system-out>
</testcase>
<testcase name="Authentication - Login › should show validation errors for empty fields" classname="auth\login.spec.js" time="1.501">
</testcase>
<testcase name="Authentication - Login › should redirect to login when accessing protected route without authentication" classname="auth\login.spec.js" time="1.929">
</testcase>
<testcase name="Authentication - Login › should remember login state after page refresh" classname="auth\login.spec.js" time="2.892">
</testcase>
<testcase name="Authentication - Login › should handle network errors gracefully" classname="auth\login.spec.js" time="2.075">
</testcase>
<testcase name="Authentication - Login › should clear form when switching between login and register" classname="auth\login.spec.js" time="1.388">
</testcase>
</testsuite>
<testsuite name="auth\login.spec.js" timestamp="2025-06-14T19:26:57.699Z" hostname="firefox" tests="9" failures="2" skipped="0" time="60.029" errors="0">
<testcase name="Authentication - Login › should display login form correctly" classname="auth\login.spec.js" time="4.817">
</testcase>
<testcase name="Authentication - Login › should login successfully with admin credentials" classname="auth\login.spec.js" time="10.076">
<failure message="login.spec.js:26:3 should login successfully with admin credentials" type="FAILURE">
<![CDATA[  [firefox] › auth\login.spec.js:26:3 › Authentication - Login › should login successfully with admin credentials 

    Error: Timed out 5000ms waiting for expect(locator).toContainText(expected)

    Locator: locator('[data-testid="user-menu"]')
    Expected string: "ADMIN001"
    Received string: "System AdministratorS"
    Call log:
      - Expect "toContainText" with timeout 5000ms
      - waiting for locator('[data-testid="user-menu"]')
        8 × locator resolved to <button type="button" data-testid="user-menu" class="d-flex align-items-center btn btn-outline-light">…</button>
          - unexpected value "System AdministratorS"


      34 |     
      35 |     // Verify user menu shows admin user
    > 36 |     await expect(page.locator('[data-testid="user-menu"]')).toContainText('ADMIN001');
         |                                                             ^
      37 |   });
      38 |
      39 |   test('should login successfully with regular user credentials', async ({ page }) => {
        at C:\Users\Chris\Desktop\Projects\test\qwen3_tests\supplyline\SupplyLine-MRO-Suite\frontend\tests\e2e\auth\login.spec.js:36:61

    attachment #1: screenshot (image/png) ──────────────────────────────────────────────────────────
    test-results\auth-login-Authentication--86710-ully-with-admin-credentials-firefox\test-failed-1.png
    ────────────────────────────────────────────────────────────────────────────────────────────────

    attachment #2: video (video/webm) ──────────────────────────────────────────────────────────────
    test-results\auth-login-Authentication--86710-ully-with-admin-credentials-firefox\video.webm
    ────────────────────────────────────────────────────────────────────────────────────────────────

    Error Context: ..\..\test-results\auth-login-Authentication--86710-ully-with-admin-credentials-firefox\error-context.md
]]>
</failure>
<system-out>
<![CDATA[
[[ATTACHMENT|auth-login-Authentication--86710-ully-with-admin-credentials-firefox\test-failed-1.png]]

[[ATTACHMENT|auth-login-Authentication--86710-ully-with-admin-credentials-firefox\video.webm]]

[[ATTACHMENT|auth-login-Authentication--86710-ully-with-admin-credentials-firefox\error-context.md]]
]]>
</system-out>
</testcase>
<testcase name="Authentication - Login › should login successfully with regular user credentials" classname="auth\login.spec.js" time="8.016">
<system-out>
<![CDATA[Regular user test skipped - user may not exist
]]>
</system-out>
</testcase>
<testcase name="Authentication - Login › should show error for invalid credentials" classname="auth\login.spec.js" time="8.569">
<failure message="login.spec.js:65:3 should show error for invalid credentials" type="FAILURE">
<![CDATA[  [firefox] › auth\login.spec.js:65:3 › Authentication - Login › should show error for invalid credentials 

    Error: Timed out 5000ms waiting for expect(locator).toBeVisible()

    Locator: locator('.alert-danger, .toast-error, .error-message')
    Expected: visible
    Received: <element(s) not found>
    Call log:
      - Expect "toBeVisible" with timeout 5000ms
      - waiting for locator('.alert-danger, .toast-error, .error-message')


      75 |     
      76 |     // Should show error message (adjust selector based on your error display)
    > 77 |     await expect(page.locator('.alert-danger, .toast-error, .error-message')).toBeVisible();
         |                                                                               ^
      78 |   });
      79 |
      80 |   test('should show validation errors for empty fields', async ({ page }) => {
        at C:\Users\Chris\Desktop\Projects\test\qwen3_tests\supplyline\SupplyLine-MRO-Suite\frontend\tests\e2e\auth\login.spec.js:77:79

    attachment #1: screenshot (image/png) ──────────────────────────────────────────────────────────
    test-results\auth-login-Authentication--1024f-ror-for-invalid-credentials-firefox\test-failed-1.png
    ────────────────────────────────────────────────────────────────────────────────────────────────

    attachment #2: video (video/webm) ──────────────────────────────────────────────────────────────
    test-results\auth-login-Authentication--1024f-ror-for-invalid-credentials-firefox\video.webm
    ────────────────────────────────────────────────────────────────────────────────────────────────

    Error Context: ..\..\test-results\auth-login-Authentication--1024f-ror-for-invalid-credentials-firefox\error-context.md
]]>
</failure>
<system-out>
<![CDATA[
[[ATTACHMENT|auth-login-Authentication--1024f-ror-for-invalid-credentials-firefox\test-failed-1.png]]

[[ATTACHMENT|auth-login-Authentication--1024f-ror-for-invalid-credentials-firefox\video.webm]]

[[ATTACHMENT|auth-login-Authentication--1024f-ror-for-invalid-credentials-firefox\error-context.md]]
]]>
</system-out>
</testcase>
<testcase name="Authentication - Login › should show validation errors for empty fields" classname="auth\login.spec.js" time="4.296">
</testcase>
<testcase name="Authentication - Login › should redirect to login when accessing protected route without authentication" classname="auth\login.spec.js" time="5.647">
</testcase>
<testcase name="Authentication - Login › should remember login state after page refresh" classname="auth\login.spec.js" time="6.261">
</testcase>
<testcase name="Authentication - Login › should handle network errors gracefully" classname="auth\login.spec.js" time="5.223">
</testcase>
<testcase name="Authentication - Login › should clear form when switching between login and register" classname="auth\login.spec.js" time="7.124">
</testcase>
</testsuite>
<testsuite name="auth\login.spec.js" timestamp="2025-06-14T19:26:57.699Z" hostname="webkit" tests="9" failures="2" skipped="0" time="40.292" errors="0">
<testcase name="Authentication - Login › should display login form correctly" classname="auth\login.spec.js" time="1.799">
</testcase>
<testcase name="Authentication - Login › should login successfully with admin credentials" classname="auth\login.spec.js" time="9.733">
<failure message="login.spec.js:26:3 should login successfully with admin credentials" type="FAILURE">
<![CDATA[  [webkit] › auth\login.spec.js:26:3 › Authentication - Login › should login successfully with admin credentials 

    Error: Timed out 5000ms waiting for expect(locator).toContainText(expected)

    Locator: locator('[data-testid="user-menu"]')
    Expected string: "ADMIN001"
    Received string: "System AdministratorS"
    Call log:
      - Expect "toContainText" with timeout 5000ms
      - waiting for locator('[data-testid="user-menu"]')
        9 × locator resolved to <button type="button" data-testid="user-menu" class="d-flex align-items-center btn btn-outline-light">…</button>
          - unexpected value "System AdministratorS"


      34 |     
      35 |     // Verify user menu shows admin user
    > 36 |     await expect(page.locator('[data-testid="user-menu"]')).toContainText('ADMIN001');
         |                                                             ^
      37 |   });
      38 |
      39 |   test('should login successfully with regular user credentials', async ({ page }) => {
        at C:\Users\Chris\Desktop\Projects\test\qwen3_tests\supplyline\SupplyLine-MRO-Suite\frontend\tests\e2e\auth\login.spec.js:36:61

    attachment #1: screenshot (image/png) ──────────────────────────────────────────────────────────
    test-results\auth-login-Authentication--86710-ully-with-admin-credentials-webkit\test-failed-1.png
    ────────────────────────────────────────────────────────────────────────────────────────────────

    attachment #2: video (video/webm) ──────────────────────────────────────────────────────────────
    test-results\auth-login-Authentication--86710-ully-with-admin-credentials-webkit\video.webm
    ────────────────────────────────────────────────────────────────────────────────────────────────

    Error Context: ..\..\test-results\auth-login-Authentication--86710-ully-with-admin-credentials-webkit\error-context.md
]]>
</failure>
<system-out>
<![CDATA[
[[ATTACHMENT|auth-login-Authentication--86710-ully-with-admin-credentials-webkit\test-failed-1.png]]

[[ATTACHMENT|auth-login-Authentication--86710-ully-with-admin-credentials-webkit\video.webm]]

[[ATTACHMENT|auth-login-Authentication--86710-ully-with-admin-credentials-webkit\error-context.md]]
]]>
</system-out>
</testcase>
<testcase name="Authentication - Login › should login successfully with regular user credentials" classname="auth\login.spec.js" time="5.982">
<system-out>
<![CDATA[Regular user test skipped - user may not exist
]]>
</system-out>
</testcase>
<testcase name="Authentication - Login › should show error for invalid credentials" classname="auth\login.spec.js" time="8.347">
<failure message="login.spec.js:65:3 should show error for invalid credentials" type="FAILURE">
<![CDATA[  [webkit] › auth\login.spec.js:65:3 › Authentication - Login › should show error for invalid credentials 

    Error: Timed out 5000ms waiting for expect(locator).toBeVisible()

    Locator: locator('.alert-danger, .toast-error, .error-message')
    Expected: visible
    Received: <element(s) not found>
    Call log:
      - Expect "toBeVisible" with timeout 5000ms
      - waiting for locator('.alert-danger, .toast-error, .error-message')


      75 |     
      76 |     // Should show error message (adjust selector based on your error display)
    > 77 |     await expect(page.locator('.alert-danger, .toast-error, .error-message')).toBeVisible();
         |                                                                               ^
      78 |   });
      79 |
      80 |   test('should show validation errors for empty fields', async ({ page }) => {
        at C:\Users\Chris\Desktop\Projects\test\qwen3_tests\supplyline\SupplyLine-MRO-Suite\frontend\tests\e2e\auth\login.spec.js:77:79

    attachment #1: screenshot (image/png) ──────────────────────────────────────────────────────────
    test-results\auth-login-Authentication--1024f-ror-for-invalid-credentials-webkit\test-failed-1.png
    ────────────────────────────────────────────────────────────────────────────────────────────────

    attachment #2: video (video/webm) ──────────────────────────────────────────────────────────────
    test-results\auth-login-Authentication--1024f-ror-for-invalid-credentials-webkit\video.webm
    ────────────────────────────────────────────────────────────────────────────────────────────────

    Error Context: ..\..\test-results\auth-login-Authentication--1024f-ror-for-invalid-credentials-webkit\error-context.md
]]>
</failure>
<system-out>
<![CDATA[
[[ATTACHMENT|auth-login-Authentication--1024f-ror-for-invalid-credentials-webkit\test-failed-1.png]]

[[ATTACHMENT|auth-login-Authentication--1024f-ror-for-invalid-credentials-webkit\video.webm]]

[[ATTACHMENT|auth-login-Authentication--1024f-ror-for-invalid-credentials-webkit\error-context.md]]
]]>
</system-out>
</testcase>
<testcase name="Authentication - Login › should show validation errors for empty fields" classname="auth\login.spec.js" time="2.578">
</testcase>
<testcase name="Authentication - Login › should redirect to login when accessing protected route without authentication" classname="auth\login.spec.js" time="3.432">
</testcase>
<testcase name="Authentication - Login › should remember login state after page refresh" classname="auth\login.spec.js" time="3.77">
</testcase>
<testcase name="Authentication - Login › should handle network errors gracefully" classname="auth\login.spec.js" time="1.944">
</testcase>
<testcase name="Authentication - Login › should clear form when switching between login and register" classname="auth\login.spec.js" time="2.707">
</testcase>
</testsuite>
<testsuite name="auth\login.spec.js" timestamp="2025-06-14T19:26:57.699Z" hostname="Mobile Chrome" tests="9" failures="3" skipped="0" time="25.75" errors="0">
<testcase name="Authentication - Login › should display login form correctly" classname="auth\login.spec.js" time="0.824">
</testcase>
<testcase name="Authentication - Login › should login successfully with admin credentials" classname="auth\login.spec.js" time="6.354">
<failure message="login.spec.js:26:3 should login successfully with admin credentials" type="FAILURE">
<![CDATA[  [Mobile Chrome] › auth\login.spec.js:26:3 › Authentication - Login › should login successfully with admin credentials 

    TimeoutError: page.waitForSelector: Timeout 5000ms exceeded.
    Call log:
      - waiting for locator('[data-testid="admin-dashboard-link"]') to be visible
        14 × locator resolved to hidden <a class="nav-link" data-discover="true" href="/admin/dashboard" data-testid="admin-dashboard-link">Admin Dashboard</a>


       at utils\auth-helpers.js:23

      21 |   
      22 |   // Verify admin is logged in
    > 23 |   await page.waitForSelector('[data-testid="admin-dashboard-link"]', { timeout: 5000 });
         |              ^
      24 | }
      25 |
      26 | /**
        at loginAsAdmin (C:\Users\Chris\Desktop\Projects\test\qwen3_tests\supplyline\SupplyLine-MRO-Suite\frontend\tests\e2e\utils\auth-helpers.js:23:14)
        at C:\Users\Chris\Desktop\Projects\test\qwen3_tests\supplyline\SupplyLine-MRO-Suite\frontend\tests\e2e\auth\login.spec.js:27:5

    attachment #1: screenshot (image/png) ──────────────────────────────────────────────────────────
    test-results\auth-login-Authentication--86710-ully-with-admin-credentials-Mobile-Chrome\test-failed-1.png
    ────────────────────────────────────────────────────────────────────────────────────────────────

    attachment #2: video (video/webm) ──────────────────────────────────────────────────────────────
    test-results\auth-login-Authentication--86710-ully-with-admin-credentials-Mobile-Chrome\video.webm
    ────────────────────────────────────────────────────────────────────────────────────────────────

    Error Context: ..\..\test-results\auth-login-Authentication--86710-ully-with-admin-credentials-Mobile-Chrome\error-context.md
]]>
</failure>
<system-out>
<![CDATA[
[[ATTACHMENT|auth-login-Authentication--86710-ully-with-admin-credentials-Mobile-Chrome\test-failed-1.png]]

[[ATTACHMENT|auth-login-Authentication--86710-ully-with-admin-credentials-Mobile-Chrome\video.webm]]

[[ATTACHMENT|auth-login-Authentication--86710-ully-with-admin-credentials-Mobile-Chrome\error-context.md]]
]]>
</system-out>
</testcase>
<testcase name="Authentication - Login › should login successfully with regular user credentials" classname="auth\login.spec.js" time="2.97">
<system-out>
<![CDATA[Regular user test skipped - user may not exist
]]>
</system-out>
</testcase>
<testcase name="Authentication - Login › should show error for invalid credentials" classname="auth\login.spec.js" time="6.056">
<failure message="login.spec.js:65:3 should show error for invalid credentials" type="FAILURE">
<![CDATA[  [Mobile Chrome] › auth\login.spec.js:65:3 › Authentication - Login › should show error for invalid credentials 

    Error: Timed out 5000ms waiting for expect(locator).toBeVisible()

    Locator: locator('.alert-danger, .toast-error, .error-message')
    Expected: visible
    Received: <element(s) not found>
    Call log:
      - Expect "toBeVisible" with timeout 5000ms
      - waiting for locator('.alert-danger, .toast-error, .error-message')


      75 |     
      76 |     // Should show error message (adjust selector based on your error display)
    > 77 |     await expect(page.locator('.alert-danger, .toast-error, .error-message')).toBeVisible();
         |                                                                               ^
      78 |   });
      79 |
      80 |   test('should show validation errors for empty fields', async ({ page }) => {
        at C:\Users\Chris\Desktop\Projects\test\qwen3_tests\supplyline\SupplyLine-MRO-Suite\frontend\tests\e2e\auth\login.spec.js:77:79

    attachment #1: screenshot (image/png) ──────────────────────────────────────────────────────────
    test-results\auth-login-Authentication--1024f-ror-for-invalid-credentials-Mobile-Chrome\test-failed-1.png
    ────────────────────────────────────────────────────────────────────────────────────────────────

    attachment #2: video (video/webm) ──────────────────────────────────────────────────────────────
    test-results\auth-login-Authentication--1024f-ror-for-invalid-credentials-Mobile-Chrome\video.webm
    ────────────────────────────────────────────────────────────────────────────────────────────────

    Error Context: ..\..\test-results\auth-login-Authentication--1024f-ror-for-invalid-credentials-Mobile-Chrome\error-context.md
]]>
</failure>
<system-out>
<![CDATA[
[[ATTACHMENT|auth-login-Authentication--1024f-ror-for-invalid-credentials-Mobile-Chrome\test-failed-1.png]]

[[ATTACHMENT|auth-login-Authentication--1024f-ror-for-invalid-credentials-Mobile-Chrome\video.webm]]

[[ATTACHMENT|auth-login-Authentication--1024f-ror-for-invalid-credentials-Mobile-Chrome\error-context.md]]
]]>
</system-out>
</testcase>
<testcase name="Authentication - Login › should show validation errors for empty fields" classname="auth\login.spec.js" time="0.818">
</testcase>
<testcase name="Authentication - Login › should redirect to login when accessing protected route without authentication" classname="auth\login.spec.js" time="0.93">
</testcase>
<testcase name="Authentication - Login › should remember login state after page refresh" classname="auth\login.spec.js" time="6.187">
<failure message="login.spec.js:96:3 should remember login state after page refresh" type="FAILURE">
<![CDATA[  [Mobile Chrome] › auth\login.spec.js:96:3 › Authentication - Login › should remember login state after page refresh 

    TimeoutError: page.waitForSelector: Timeout 5000ms exceeded.
    Call log:
      - waiting for locator('[data-testid="admin-dashboard-link"]') to be visible
        14 × locator resolved to hidden <a class="nav-link" data-discover="true" href="/admin/dashboard" data-testid="admin-dashboard-link">Admin Dashboard</a>


       at utils\auth-helpers.js:23

      21 |   
      22 |   // Verify admin is logged in
    > 23 |   await page.waitForSelector('[data-testid="admin-dashboard-link"]', { timeout: 5000 });
         |              ^
      24 | }
      25 |
      26 | /**
        at loginAsAdmin (C:\Users\Chris\Desktop\Projects\test\qwen3_tests\supplyline\SupplyLine-MRO-Suite\frontend\tests\e2e\utils\auth-helpers.js:23:14)
        at C:\Users\Chris\Desktop\Projects\test\qwen3_tests\supplyline\SupplyLine-MRO-Suite\frontend\tests\e2e\auth\login.spec.js:97:5

    attachment #1: screenshot (image/png) ──────────────────────────────────────────────────────────
    test-results\auth-login-Authentication--1db5c-in-state-after-page-refresh-Mobile-Chrome\test-failed-1.png
    ────────────────────────────────────────────────────────────────────────────────────────────────

    attachment #2: video (video/webm) ──────────────────────────────────────────────────────────────
    test-results\auth-login-Authentication--1db5c-in-state-after-page-refresh-Mobile-Chrome\video.webm
    ────────────────────────────────────────────────────────────────────────────────────────────────

    Error Context: ..\..\test-results\auth-login-Authentication--1db5c-in-state-after-page-refresh-Mobile-Chrome\error-context.md
]]>
</failure>
<system-out>
<![CDATA[
[[ATTACHMENT|auth-login-Authentication--1db5c-in-state-after-page-refresh-Mobile-Chrome\test-failed-1.png]]

[[ATTACHMENT|auth-login-Authentication--1db5c-in-state-after-page-refresh-Mobile-Chrome\video.webm]]

[[ATTACHMENT|auth-login-Authentication--1db5c-in-state-after-page-refresh-Mobile-Chrome\error-context.md]]
]]>
</system-out>
</testcase>
<testcase name="Authentication - Login › should handle network errors gracefully" classname="auth\login.spec.js" time="0.601">
</testcase>
<testcase name="Authentication - Login › should clear form when switching between login and register" classname="auth\login.spec.js" time="1.01">
</testcase>
</testsuite>
<testsuite name="auth\login.spec.js" timestamp="2025-06-14T19:26:57.699Z" hostname="Mobile Safari" tests="9" failures="3" skipped="0" time="36.567" errors="0">
<testcase name="Authentication - Login › should display login form correctly" classname="auth\login.spec.js" time="1.351">
</testcase>
<testcase name="Authentication - Login › should login successfully with admin credentials" classname="auth\login.spec.js" time="7.666">
<failure message="login.spec.js:26:3 should login successfully with admin credentials" type="FAILURE">
<![CDATA[  [Mobile Safari] › auth\login.spec.js:26:3 › Authentication - Login › should login successfully with admin credentials 

    TimeoutError: page.waitForSelector: Timeout 5000ms exceeded.
    Call log:
      - waiting for locator('[data-testid="admin-dashboard-link"]') to be visible
        12 × locator resolved to hidden <a class="nav-link" data-discover="true" href="/admin/dashboard" data-testid="admin-dashboard-link">Admin Dashboard</a>


       at utils\auth-helpers.js:23

      21 |   
      22 |   // Verify admin is logged in
    > 23 |   await page.waitForSelector('[data-testid="admin-dashboard-link"]', { timeout: 5000 });
         |              ^
      24 | }
      25 |
      26 | /**
        at loginAsAdmin (C:\Users\Chris\Desktop\Projects\test\qwen3_tests\supplyline\SupplyLine-MRO-Suite\frontend\tests\e2e\utils\auth-helpers.js:23:14)
        at C:\Users\Chris\Desktop\Projects\test\qwen3_tests\supplyline\SupplyLine-MRO-Suite\frontend\tests\e2e\auth\login.spec.js:27:5

    attachment #1: screenshot (image/png) ──────────────────────────────────────────────────────────
    test-results\auth-login-Authentication--86710-ully-with-admin-credentials-Mobile-Safari\test-failed-1.png
    ────────────────────────────────────────────────────────────────────────────────────────────────

    attachment #2: video (video/webm) ──────────────────────────────────────────────────────────────
    test-results\auth-login-Authentication--86710-ully-with-admin-credentials-Mobile-Safari\video.webm
    ────────────────────────────────────────────────────────────────────────────────────────────────

    Error Context: ..\..\test-results\auth-login-Authentication--86710-ully-with-admin-credentials-Mobile-Safari\error-context.md
]]>
</failure>
<system-out>
<![CDATA[
[[ATTACHMENT|auth-login-Authentication--86710-ully-with-admin-credentials-Mobile-Safari\test-failed-1.png]]

[[ATTACHMENT|auth-login-Authentication--86710-ully-with-admin-credentials-Mobile-Safari\video.webm]]

[[ATTACHMENT|auth-login-Authentication--86710-ully-with-admin-credentials-Mobile-Safari\error-context.md]]
]]>
</system-out>
</testcase>
<testcase name="Authentication - Login › should login successfully with regular user credentials" classname="auth\login.spec.js" time="4.243">
<system-out>
<![CDATA[Regular user test skipped - user may not exist
]]>
</system-out>
</testcase>
<testcase name="Authentication - Login › should show error for invalid credentials" classname="auth\login.spec.js" time="8.733">
<failure message="login.spec.js:65:3 should show error for invalid credentials" type="FAILURE">
<![CDATA[  [Mobile Safari] › auth\login.spec.js:65:3 › Authentication - Login › should show error for invalid credentials 

    Error: Timed out 5000ms waiting for expect(locator).toBeVisible()

    Locator: locator('.alert-danger, .toast-error, .error-message')
    Expected: visible
    Received: <element(s) not found>
    Call log:
      - Expect "toBeVisible" with timeout 5000ms
      - waiting for locator('.alert-danger, .toast-error, .error-message')


      75 |     
      76 |     // Should show error message (adjust selector based on your error display)
    > 77 |     await expect(page.locator('.alert-danger, .toast-error, .error-message')).toBeVisible();
         |                                                                               ^
      78 |   });
      79 |
      80 |   test('should show validation errors for empty fields', async ({ page }) => {
        at C:\Users\Chris\Desktop\Projects\test\qwen3_tests\supplyline\SupplyLine-MRO-Suite\frontend\tests\e2e\auth\login.spec.js:77:79

    attachment #1: screenshot (image/png) ──────────────────────────────────────────────────────────
    test-results\auth-login-Authentication--1024f-ror-for-invalid-credentials-Mobile-Safari\test-failed-1.png
    ────────────────────────────────────────────────────────────────────────────────────────────────

    attachment #2: video (video/webm) ──────────────────────────────────────────────────────────────
    test-results\auth-login-Authentication--1024f-ror-for-invalid-credentials-Mobile-Safari\video.webm
    ────────────────────────────────────────────────────────────────────────────────────────────────

    Error Context: ..\..\test-results\auth-login-Authentication--1024f-ror-for-invalid-credentials-Mobile-Safari\error-context.md
]]>
</failure>
<system-out>
<![CDATA[
[[ATTACHMENT|auth-login-Authentication--1024f-ror-for-invalid-credentials-Mobile-Safari\test-failed-1.png]]

[[ATTACHMENT|auth-login-Authentication--1024f-ror-for-invalid-credentials-Mobile-Safari\video.webm]]

[[ATTACHMENT|auth-login-Authentication--1024f-ror-for-invalid-credentials-Mobile-Safari\error-context.md]]
]]>
</system-out>
</testcase>
<testcase name="Authentication - Login › should show validation errors for empty fields" classname="auth\login.spec.js" time="1.324">
</testcase>
<testcase name="Authentication - Login › should redirect to login when accessing protected route without authentication" classname="auth\login.spec.js" time="1.609">
</testcase>
<testcase name="Authentication - Login › should remember login state after page refresh" classname="auth\login.spec.js" time="7.203">
<failure message="login.spec.js:96:3 should remember login state after page refresh" type="FAILURE">
<![CDATA[  [Mobile Safari] › auth\login.spec.js:96:3 › Authentication - Login › should remember login state after page refresh 

    TimeoutError: page.waitForSelector: Timeout 5000ms exceeded.
    Call log:
      - waiting for locator('[data-testid="admin-dashboard-link"]') to be visible
        12 × locator resolved to hidden <a class="nav-link" data-discover="true" href="/admin/dashboard" data-testid="admin-dashboard-link">Admin Dashboard</a>


       at utils\auth-helpers.js:23

      21 |   
      22 |   // Verify admin is logged in
    > 23 |   await page.waitForSelector('[data-testid="admin-dashboard-link"]', { timeout: 5000 });
         |              ^
      24 | }
      25 |
      26 | /**
        at loginAsAdmin (C:\Users\Chris\Desktop\Projects\test\qwen3_tests\supplyline\SupplyLine-MRO-Suite\frontend\tests\e2e\utils\auth-helpers.js:23:14)
        at C:\Users\Chris\Desktop\Projects\test\qwen3_tests\supplyline\SupplyLine-MRO-Suite\frontend\tests\e2e\auth\login.spec.js:97:5

    attachment #1: screenshot (image/png) ──────────────────────────────────────────────────────────
    test-results\auth-login-Authentication--1db5c-in-state-after-page-refresh-Mobile-Safari\test-failed-1.png
    ────────────────────────────────────────────────────────────────────────────────────────────────

    attachment #2: video (video/webm) ──────────────────────────────────────────────────────────────
    test-results\auth-login-Authentication--1db5c-in-state-after-page-refresh-Mobile-Safari\video.webm
    ────────────────────────────────────────────────────────────────────────────────────────────────

    Error Context: ..\..\test-results\auth-login-Authentication--1db5c-in-state-after-page-refresh-Mobile-Safari\error-context.md
]]>
</failure>
<system-out>
<![CDATA[
[[ATTACHMENT|auth-login-Authentication--1db5c-in-state-after-page-refresh-Mobile-Safari\test-failed-1.png]]

[[ATTACHMENT|auth-login-Authentication--1db5c-in-state-after-page-refresh-Mobile-Safari\video.webm]]

[[ATTACHMENT|auth-login-Authentication--1db5c-in-state-after-page-refresh-Mobile-Safari\error-context.md]]
]]>
</system-out>
</testcase>
<testcase name="Authentication - Login › should handle network errors gracefully" classname="auth\login.spec.js" time="1.561">
</testcase>
<testcase name="Authentication - Login › should clear form when switching between login and register" classname="auth\login.spec.js" time="2.877">
</testcase>
</testsuite>
<testsuite name="auth\login.spec.js" timestamp="2025-06-14T19:26:57.699Z" hostname="Microsoft Edge" tests="9" failures="2" skipped="0" time="28.109" errors="0">
<testcase name="Authentication - Login › should display login form correctly" classname="auth\login.spec.js" time="0.936">
</testcase>
<testcase name="Authentication - Login › should login successfully with admin credentials" classname="auth\login.spec.js" time="6.943">
<failure message="login.spec.js:26:3 should login successfully with admin credentials" type="FAILURE">
<![CDATA[  [Microsoft Edge] › auth\login.spec.js:26:3 › Authentication - Login › should login successfully with admin credentials 

    Error: Timed out 5000ms waiting for expect(locator).toContainText(expected)

    Locator: locator('[data-testid="user-menu"]')
    Expected string: "ADMIN001"
    Received string: "System AdministratorS"
    Call log:
      - Expect "toContainText" with timeout 5000ms
      - waiting for locator('[data-testid="user-menu"]')
        9 × locator resolved to <button type="button" data-testid="user-menu" class="d-flex align-items-center btn btn-outline-light">…</button>
          - unexpected value "System AdministratorS"


      34 |     
      35 |     // Verify user menu shows admin user
    > 36 |     await expect(page.locator('[data-testid="user-menu"]')).toContainText('ADMIN001');
         |                                                             ^
      37 |   });
      38 |
      39 |   test('should login successfully with regular user credentials', async ({ page }) => {
        at C:\Users\Chris\Desktop\Projects\test\qwen3_tests\supplyline\SupplyLine-MRO-Suite\frontend\tests\e2e\auth\login.spec.js:36:61

    attachment #1: screenshot (image/png) ──────────────────────────────────────────────────────────
    test-results\auth-login-Authentication--86710-ully-with-admin-credentials-Microsoft-Edge\test-failed-1.png
    ────────────────────────────────────────────────────────────────────────────────────────────────

    attachment #2: video (video/webm) ──────────────────────────────────────────────────────────────
    test-results\auth-login-Authentication--86710-ully-with-admin-credentials-Microsoft-Edge\video.webm
    ────────────────────────────────────────────────────────────────────────────────────────────────

    Error Context: ..\..\test-results\auth-login-Authentication--86710-ully-with-admin-credentials-Microsoft-Edge\error-context.md
]]>
</failure>
<system-out>
<![CDATA[
[[ATTACHMENT|auth-login-Authentication--86710-ully-with-admin-credentials-Microsoft-Edge\test-failed-1.png]]

[[ATTACHMENT|auth-login-Authentication--86710-ully-with-admin-credentials-Microsoft-Edge\video.webm]]

[[ATTACHMENT|auth-login-Authentication--86710-ully-with-admin-credentials-Microsoft-Edge\error-context.md]]
]]>
</system-out>
</testcase>
<testcase name="Authentication - Login › should login successfully with regular user credentials" classname="auth\login.spec.js" time="5.422">
<system-out>
<![CDATA[Regular user test skipped - user may not exist
]]>
</system-out>
</testcase>
<testcase name="Authentication - Login › should show error for invalid credentials" classname="auth\login.spec.js" time="6.479">
<failure message="login.spec.js:65:3 should show error for invalid credentials" type="FAILURE">
<![CDATA[  [Microsoft Edge] › auth\login.spec.js:65:3 › Authentication - Login › should show error for invalid credentials 

    Error: Timed out 5000ms waiting for expect(locator).toBeVisible()

    Locator: locator('.alert-danger, .toast-error, .error-message')
    Expected: visible
    Received: <element(s) not found>
    Call log:
      - Expect "toBeVisible" with timeout 5000ms
      - waiting for locator('.alert-danger, .toast-error, .error-message')


      75 |     
      76 |     // Should show error message (adjust selector based on your error display)
    > 77 |     await expect(page.locator('.alert-danger, .toast-error, .error-message')).toBeVisible();
         |                                                                               ^
      78 |   });
      79 |
      80 |   test('should show validation errors for empty fields', async ({ page }) => {
        at C:\Users\Chris\Desktop\Projects\test\qwen3_tests\supplyline\SupplyLine-MRO-Suite\frontend\tests\e2e\auth\login.spec.js:77:79

    attachment #1: screenshot (image/png) ──────────────────────────────────────────────────────────
    test-results\auth-login-Authentication--1024f-ror-for-invalid-credentials-Microsoft-Edge\test-failed-1.png
    ────────────────────────────────────────────────────────────────────────────────────────────────

    attachment #2: video (video/webm) ──────────────────────────────────────────────────────────────
    test-results\auth-login-Authentication--1024f-ror-for-invalid-credentials-Microsoft-Edge\video.webm
    ────────────────────────────────────────────────────────────────────────────────────────────────

    Error Context: ..\..\test-results\auth-login-Authentication--1024f-ror-for-invalid-credentials-Microsoft-Edge\error-context.md
]]>
</failure>
<system-out>
<![CDATA[
[[ATTACHMENT|auth-login-Authentication--1024f-ror-for-invalid-credentials-Microsoft-Edge\test-failed-1.png]]

[[ATTACHMENT|auth-login-Authentication--1024f-ror-for-invalid-credentials-Microsoft-Edge\video.webm]]

[[ATTACHMENT|auth-login-Authentication--1024f-ror-for-invalid-credentials-Microsoft-Edge\error-context.md]]
]]>
</system-out>
</testcase>
<testcase name="Authentication - Login › should show validation errors for empty fields" classname="auth\login.spec.js" time="0.892">
</testcase>
<testcase name="Authentication - Login › should redirect to login when accessing protected route without authentication" classname="auth\login.spec.js" time="3.062">
</testcase>
<testcase name="Authentication - Login › should remember login state after page refresh" classname="auth\login.spec.js" time="2.053">
</testcase>
<testcase name="Authentication - Login › should handle network errors gracefully" classname="auth\login.spec.js" time="1.153">
</testcase>
<testcase name="Authentication - Login › should clear form when switching between login and register" classname="auth\login.spec.js" time="1.169">
</testcase>
</testsuite>
<testsuite name="auth\login.spec.js" timestamp="2025-06-14T19:26:57.699Z" hostname="Google Chrome" tests="9" failures="2" skipped="0" time="23.596" errors="0">
<testcase name="Authentication - Login › should display login form correctly" classname="auth\login.spec.js" time="0.98">
</testcase>
<testcase name="Authentication - Login › should login successfully with admin credentials" classname="auth\login.spec.js" time="6.826">
<failure message="login.spec.js:26:3 should login successfully with admin credentials" type="FAILURE">
<![CDATA[  [Google Chrome] › auth\login.spec.js:26:3 › Authentication - Login › should login successfully with admin credentials 

    Error: Timed out 5000ms waiting for expect(locator).toContainText(expected)

    Locator: locator('[data-testid="user-menu"]')
    Expected string: "ADMIN001"
    Received string: "System AdministratorS"
    Call log:
      - Expect "toContainText" with timeout 5000ms
      - waiting for locator('[data-testid="user-menu"]')
        9 × locator resolved to <button type="button" data-testid="user-menu" class="d-flex align-items-center btn btn-outline-light">…</button>
          - unexpected value "System AdministratorS"


      34 |     
      35 |     // Verify user menu shows admin user
    > 36 |     await expect(page.locator('[data-testid="user-menu"]')).toContainText('ADMIN001');
         |                                                             ^
      37 |   });
      38 |
      39 |   test('should login successfully with regular user credentials', async ({ page }) => {
        at C:\Users\Chris\Desktop\Projects\test\qwen3_tests\supplyline\SupplyLine-MRO-Suite\frontend\tests\e2e\auth\login.spec.js:36:61

    attachment #1: screenshot (image/png) ──────────────────────────────────────────────────────────
    test-results\auth-login-Authentication--86710-ully-with-admin-credentials-Google-Chrome\test-failed-1.png
    ────────────────────────────────────────────────────────────────────────────────────────────────

    attachment #2: video (video/webm) ──────────────────────────────────────────────────────────────
    test-results\auth-login-Authentication--86710-ully-with-admin-credentials-Google-Chrome\video.webm
    ────────────────────────────────────────────────────────────────────────────────────────────────

    Error Context: ..\..\test-results\auth-login-Authentication--86710-ully-with-admin-credentials-Google-Chrome\error-context.md
]]>
</failure>
<system-out>
<![CDATA[
[[ATTACHMENT|auth-login-Authentication--86710-ully-with-admin-credentials-Google-Chrome\test-failed-1.png]]

[[ATTACHMENT|auth-login-Authentication--86710-ully-with-admin-credentials-Google-Chrome\video.webm]]

[[ATTACHMENT|auth-login-Authentication--86710-ully-with-admin-credentials-Google-Chrome\error-context.md]]
]]>
</system-out>
</testcase>
<testcase name="Authentication - Login › should login successfully with regular user credentials" classname="auth\login.spec.js" time="3.258">
<system-out>
<![CDATA[Regular user test skipped - user may not exist
]]>
</system-out>
</testcase>
<testcase name="Authentication - Login › should show error for invalid credentials" classname="auth\login.spec.js" time="6.405">
<failure message="login.spec.js:65:3 should show error for invalid credentials" type="FAILURE">
<![CDATA[  [Google Chrome] › auth\login.spec.js:65:3 › Authentication - Login › should show error for invalid credentials 

    Error: Timed out 5000ms waiting for expect(locator).toBeVisible()

    Locator: locator('.alert-danger, .toast-error, .error-message')
    Expected: visible
    Received: <element(s) not found>
    Call log:
      - Expect "toBeVisible" with timeout 5000ms
      - waiting for locator('.alert-danger, .toast-error, .error-message')


      75 |     
      76 |     // Should show error message (adjust selector based on your error display)
    > 77 |     await expect(page.locator('.alert-danger, .toast-error, .error-message')).toBeVisible();
         |                                                                               ^
      78 |   });
      79 |
      80 |   test('should show validation errors for empty fields', async ({ page }) => {
        at C:\Users\Chris\Desktop\Projects\test\qwen3_tests\supplyline\SupplyLine-MRO-Suite\frontend\tests\e2e\auth\login.spec.js:77:79

    attachment #1: screenshot (image/png) ──────────────────────────────────────────────────────────
    test-results\auth-login-Authentication--1024f-ror-for-invalid-credentials-Google-Chrome\test-failed-1.png
    ────────────────────────────────────────────────────────────────────────────────────────────────

    attachment #2: video (video/webm) ──────────────────────────────────────────────────────────────
    test-results\auth-login-Authentication--1024f-ror-for-invalid-credentials-Google-Chrome\video.webm
    ────────────────────────────────────────────────────────────────────────────────────────────────

    Error Context: ..\..\test-results\auth-login-Authentication--1024f-ror-for-invalid-credentials-Google-Chrome\error-context.md
]]>
</failure>
<system-out>
<![CDATA[
[[ATTACHMENT|auth-login-Authentication--1024f-ror-for-invalid-credentials-Google-Chrome\test-failed-1.png]]

[[ATTACHMENT|auth-login-Authentication--1024f-ror-for-invalid-credentials-Google-Chrome\video.webm]]

[[ATTACHMENT|auth-login-Authentication--1024f-ror-for-invalid-credentials-Google-Chrome\error-context.md]]
]]>
</system-out>
</testcase>
<testcase name="Authentication - Login › should show validation errors for empty fields" classname="auth\login.spec.js" time="0.614">
</testcase>
<testcase name="Authentication - Login › should redirect to login when accessing protected route without authentication" classname="auth\login.spec.js" time="1.27">
</testcase>
<testcase name="Authentication - Login › should remember login state after page refresh" classname="auth\login.spec.js" time="2.238">
</testcase>
<testcase name="Authentication - Login › should handle network errors gracefully" classname="auth\login.spec.js" time="1.042">
</testcase>
<testcase name="Authentication - Login › should clear form when switching between login and register" classname="auth\login.spec.js" time="0.963">
</testcase>
</testsuite>
</testsuites>